Build started 12/18/2012 6:56:37 PM.
     1>Project "D:\vss2\vss2\vss2.vcxproj" on node 2 (build target(s)).
     1>InitializeBuildStatus:
         Creating "x64\Debug\vss2.unsuccessfulbuild" because "AlwaysCreate" was specified.
       ClCompile:
         C:\Program Files (x86)\Microsoft Visual Studio 10.0\VC\bin\x86_amd64\CL.exe /c /I"C:\Users\win7\Documents\Visual Studio 2010\Projects\vss2\inc\win2003" /Zi /nologo /W3 /WX- /Od /D WIN64 /D _DEBUG /D _CONSOLE /D _UNICODE /D UNICODE /Gm /EHsc /RTC1 /MDd /GS /fp:precise /Zc:wchar_t /Zc:forScope /Fo"x64\Debug\\" /Fd"x64\Debug\vc100.pdb" /Gd /TP /errorReport:prompt main.cpp
         main.cpp
     1>main.cpp(27): warning C4996: 'getch': The POSIX name for this item is deprecated. Instead, use the ISO C++ conformant name: _getch. See online help for details.
                 C:\Program Files (x86)\Microsoft Visual Studio 10.0\VC\include\conio.h(128) : see declaration of 'getch'
     1>main.cpp(41): warning C4996: 'getch': The POSIX name for this item is deprecated. Instead, use the ISO C++ conformant name: _getch. See online help for details.
                 C:\Program Files (x86)\Microsoft Visual Studio 10.0\VC\include\conio.h(128) : see declaration of 'getch'
     1>main.cpp(54): warning C4996: 'getch': The POSIX name for this item is deprecated. Instead, use the ISO C++ conformant name: _getch. See online help for details.
                 C:\Program Files (x86)\Microsoft Visual Studio 10.0\VC\include\conio.h(128) : see declaration of 'getch'
     1>main.cpp(66): warning C4996: 'getch': The POSIX name for this item is deprecated. Instead, use the ISO C++ conformant name: _getch. See online help for details.
                 C:\Program Files (x86)\Microsoft Visual Studio 10.0\VC\include\conio.h(128) : see declaration of 'getch'
     1>main.cpp(107): warning C4996: 'getch': The POSIX name for this item is deprecated. Instead, use the ISO C++ conformant name: _getch. See online help for details.
                 C:\Program Files (x86)\Microsoft Visual Studio 10.0\VC\include\conio.h(128) : see declaration of 'getch'
     1>main.cpp(140): warning C4996: 'wcscpy': This function or variable may be unsafe. Consider using wcscpy_s instead. To disable deprecation, use _CRT_SECURE_NO_WARNINGS. See online help for details.
                 C:\Program Files (x86)\Microsoft Visual Studio 10.0\VC\include\string.h(283) : see declaration of 'wcscpy'
     1>main.cpp(142): warning C4996: 'wcscat': This function or variable may be unsafe. Consider using wcscat_s instead. To disable deprecation, use _CRT_SECURE_NO_WARNINGS. See online help for details.
                 C:\Program Files (x86)\Microsoft Visual Studio 10.0\VC\include\string.h(276) : see declaration of 'wcscat'
     1>main.cpp(193): warning C4996: 'getch': The POSIX name for this item is deprecated. Instead, use the ISO C++ conformant name: _getch. See online help for details.
                 C:\Program Files (x86)\Microsoft Visual Studio 10.0\VC\include\conio.h(128) : see declaration of 'getch'
       ManifestResourceCompile:
         C:\Program Files (x86)\Microsoft SDKs\Windows\v7.0A\bin\rc.exe /nologo /fo"x64\Debug\vss2.exe.embed.manifest.res" x64\Debug\vss2_manifest.rc 
       Link:
         C:\Program Files (x86)\Microsoft Visual Studio 10.0\VC\bin\x86_amd64\link.exe /ERRORREPORT:PROMPT /OUT:"D:\vss2\x64\Debug\vss2.exe" /INCREMENTAL /NOLOGO /LIBPATH:"C:\Users\win7\Documents\Visual Studio 2010\Projects\vss2\lib\win2003\obj\amd64" vss_uuid.lib vssapi.lib kernel32.lib user32.lib gdi32.lib winspool.lib comdlg32.lib advapi32.lib shell32.lib ole32.lib oleaut32.lib uuid.lib odbc32.lib odbccp32.lib /MANIFEST /ManifestFile:"x64\Debug\vss2.exe.intermediate.manifest" /MANIFESTUAC:"level='highestAvailable' uiAccess='false'" /DEBUG /PDB:"D:\vss2\x64\Debug\vss2.pdb" /SUBSYSTEM:CONSOLE /TLBID:1 /DYNAMICBASE /NXCOMPAT /IMPLIB:"D:\vss2\x64\Debug\vss2.lib" /MACHINE:X64 x64\Debug\vss2.exe.embed.manifest.res
         x64\Debug\main.obj
         vss2.vcxproj -> D:\vss2\x64\Debug\vss2.exe
       Manifest:
         C:\Program Files (x86)\Microsoft SDKs\Windows\v7.0A\bin\mt.exe /nologo /verbose /out:"x64\Debug\vss2.exe.embed.manifest" /manifest x64\Debug\vss2.exe.intermediate.manifest
         C:\Program Files (x86)\Microsoft SDKs\Windows\v7.0A\bin\rc.exe /nologo /fo"x64\Debug\vss2.exe.embed.manifest.res" x64\Debug\vss2_manifest.rc 
       LinkEmbedManifest:
         C:\Program Files (x86)\Microsoft Visual Studio 10.0\VC\bin\x86_amd64\link.exe /ERRORREPORT:PROMPT /OUT:"D:\vss2\x64\Debug\vss2.exe" /INCREMENTAL /NOLOGO /LIBPATH:"C:\Users\win7\Documents\Visual Studio 2010\Projects\vss2\lib\win2003\obj\amd64" vss_uuid.lib vssapi.lib kernel32.lib user32.lib gdi32.lib winspool.lib comdlg32.lib advapi32.lib shell32.lib ole32.lib oleaut32.lib uuid.lib odbc32.lib odbccp32.lib /MANIFEST /ManifestFile:"x64\Debug\vss2.exe.intermediate.manifest" /MANIFESTUAC:"level='highestAvailable' uiAccess='false'" /DEBUG /PDB:"D:\vss2\x64\Debug\vss2.pdb" /SUBSYSTEM:CONSOLE /TLBID:1 /DYNAMICBASE /NXCOMPAT /IMPLIB:"D:\vss2\x64\Debug\vss2.lib" /MACHINE:X64 x64\Debug\vss2.exe.embed.manifest.res
         x64\Debug\main.obj
         vss2.vcxproj -> D:\vss2\x64\Debug\vss2.exe
       FinalizeBuildStatus:
         Deleting file "x64\Debug\vss2.unsuccessfulbuild".
         Touching "x64\Debug\vss2.lastbuildstate".
     1>Done Building Project "D:\vss2\vss2\vss2.vcxproj" (build target(s)).

Build succeeded.

Time Elapsed 00:00:03.11
